{"/Users/tamarushin/cf/401n/02-tools-and-context-1/lab-tama/lib/list.js": {"path":"/Users/tamarushin/cf/401n/02-tools-and-context-1/lab-tama/lib/list.js","statementMap":{"0":{"start":{"line":5,"column":4},"end":{"line":5,"column":20}},"1":{"start":{"line":9,"column":4},"end":{"line":9,"column":31}},"2":{"start":{"line":10,"column":4},"end":{"line":10,"column":23}},"3":{"start":{"line":14,"column":4},"end":{"line":14,"column":31}},"4":{"start":{"line":15,"column":4},"end":{"line":15,"column":23}},"5":{"start":{"line":19,"column":18},"end":{"line":19,"column":19}},"6":{"start":{"line":20,"column":4},"end":{"line":22,"column":6}},"7":{"start":{"line":21,"column":6},"end":{"line":21,"column":15}},"8":{"start":{"line":23,"column":4},"end":{"line":23,"column":19}},"9":{"start":{"line":27,"column":0},"end":{"line":27,"column":22}}},"fnMap":{"0":{"name":"(anonymous_0)","decl":{"start":{"line":4,"column":2},"end":{"line":4,"column":3}},"loc":{"start":{"line":4,"column":17},"end":{"line":6,"column":3}},"line":4},"1":{"name":"(anonymous_1)","decl":{"start":{"line":8,"column":2},"end":{"line":8,"column":3}},"loc":{"start":{"line":8,"column":13},"end":{"line":11,"column":3}},"line":8},"2":{"name":"(anonymous_2)","decl":{"start":{"line":13,"column":2},"end":{"line":13,"column":3}},"loc":{"start":{"line":13,"column":12},"end":{"line":16,"column":3}},"line":13},"3":{"name":"(anonymous_3)","decl":{"start":{"line":18,"column":2},"end":{"line":18,"column":3}},"loc":{"start":{"line":18,"column":19},"end":{"line":24,"column":3}},"line":18},"4":{"name":"(anonymous_4)","decl":{"start":{"line":20,"column":18},"end":{"line":20,"column":19}},"loc":{"start":{"line":21,"column":6},"end":{"line":21,"column":15}},"line":21}},"branchMap":{},"s":{"0":1,"1":0,"2":0,"3":0,"4":0,"5":1,"6":1,"7":2,"8":1,"9":1},"f":{"0":1,"1":0,"2":0,"3":1,"4":2},"b":{},"_coverageSchema":"332fd63041d2c1bcb487cc26dd0d5f7d97098a6c","hash":"fc4a3187ba42471173c48410f667331c327af98d"}
}
